<?xml version="1.0" encoding="UTF-8"?>
<testsuite name="com.kodilla.spring.hello.world.SpringHelloWorldApplicationTests" tests="1" skipped="0" failures="0" errors="0" timestamp="2024-07-16T11:28:00" hostname="PK" time="0.584">
  <properties/>
  <testcase name="contextLoads()" classname="com.kodilla.spring.hello.world.SpringHelloWorldApplicationTests" time="0.584"/>
  <system-out><![CDATA[13:27:57.893 [Test worker] DEBUG org.springframework.test.context.BootstrapUtils - Instantiating CacheAwareContextLoaderDelegate from class [org.springframework.test.context.cache.DefaultCacheAwareContextLoaderDelegate]
13:27:57.910 [Test worker] DEBUG org.springframework.test.context.BootstrapUtils - Instantiating BootstrapContext using constructor [public org.springframework.test.context.support.DefaultBootstrapContext(java.lang.Class,org.springframework.test.context.CacheAwareContextLoaderDelegate)]
13:27:57.957 [Test worker] DEBUG org.springframework.test.context.BootstrapUtils - Instantiating TestContextBootstrapper for test class [com.kodilla.spring.hello.world.SpringHelloWorldApplicationTests] from class [org.springframework.boot.test.context.SpringBootTestContextBootstrapper]
13:27:57.973 [Test worker] INFO org.springframework.boot.test.context.SpringBootTestContextBootstrapper - Neither @ContextConfiguration nor @ContextHierarchy found for test class [com.kodilla.spring.hello.world.SpringHelloWorldApplicationTests], using SpringBootContextLoader
13:27:57.978 [Test worker] DEBUG org.springframework.test.context.support.AbstractContextLoader - Did not detect default resource location for test class [com.kodilla.spring.hello.world.SpringHelloWorldApplicationTests]: class path resource [com/kodilla/spring/hello/world/SpringHelloWorldApplicationTests-context.xml] does not exist
13:27:57.978 [Test worker] DEBUG org.springframework.test.context.support.AbstractContextLoader - Did not detect default resource location for test class [com.kodilla.spring.hello.world.SpringHelloWorldApplicationTests]: class path resource [com/kodilla/spring/hello/world/SpringHelloWorldApplicationTestsContext.groovy] does not exist
13:27:57.979 [Test worker] INFO org.springframework.test.context.support.AbstractContextLoader - Could not detect default resource locations for test class [com.kodilla.spring.hello.world.SpringHelloWorldApplicationTests]: no resource found for suffixes {-context.xml, Context.groovy}.
13:27:57.979 [Test worker] INFO org.springframework.test.context.support.AnnotationConfigContextLoaderUtils - Could not detect default configuration classes for test class [com.kodilla.spring.hello.world.SpringHelloWorldApplicationTests]: SpringHelloWorldApplicationTests does not declare any static, non-private, non-final, nested classes annotated with @Configuration.
13:27:58.031 [Test worker] DEBUG org.springframework.test.context.support.ActiveProfilesUtils - Could not find an 'annotation declaring class' for annotation type [org.springframework.test.context.ActiveProfiles] and class [com.kodilla.spring.hello.world.SpringHelloWorldApplicationTests]
13:27:58.139 [Test worker] DEBUG org.springframework.context.annotation.ClassPathScanningCandidateComponentProvider - Identified candidate component class: file [C:\Users\knute\kodilla-docker-course\spring-hello-world\build\classes\java\main\com\kodilla\spring\hello\world\SpringHelloWorldApplication.class]
13:27:58.141 [Test worker] INFO org.springframework.boot.test.context.SpringBootTestContextBootstrapper - Found @SpringBootConfiguration com.kodilla.spring.hello.world.SpringHelloWorldApplication for test class com.kodilla.spring.hello.world.SpringHelloWorldApplicationTests
13:27:58.280 [Test worker] DEBUG org.springframework.boot.test.context.SpringBootTestContextBootstrapper - @TestExecutionListeners is not present for class [com.kodilla.spring.hello.world.SpringHelloWorldApplicationTests]: using defaults.
13:27:58.281 [Test worker] INFO org.springframework.boot.test.context.SpringBootTestContextBootstrapper - Loaded default TestExecutionListener class names from location [META-INF/spring.factories]: [org.springframework.boot.test.autoconfigure.restdocs.RestDocsTestExecutionListener, org.springframework.boot.test.autoconfigure.web.client.MockRestServiceServerResetTestExecutionListener, org.springframework.boot.test.autoconfigure.web.servlet.MockMvcPrintOnlyOnFailureTestExecutionListener, org.springframework.boot.test.autoconfigure.web.servlet.WebDriverTestExecutionListener, org.springframework.boot.test.autoconfigure.webservices.client.MockWebServiceServerTestExecutionListener, org.springframework.boot.test.mock.mockito.MockitoTestExecutionListener, org.springframework.boot.test.mock.mockito.ResetMocksTestExecutionListener, org.springframework.test.context.web.ServletTestExecutionListener, org.springframework.test.context.support.DirtiesContextBeforeModesTestExecutionListener, org.springframework.test.context.event.ApplicationEventsTestExecutionListener, org.springframework.test.context.support.DependencyInjectionTestExecutionListener, org.springframework.test.context.support.DirtiesContextTestExecutionListener, org.springframework.test.context.transaction.TransactionalTestExecutionListener, org.springframework.test.context.jdbc.SqlScriptsTestExecutionListener, org.springframework.test.context.event.EventPublishingTestExecutionListener]
13:27:58.298 [Test worker] DEBUG org.springframework.boot.test.context.SpringBootTestContextBootstrapper - Skipping candidate TestExecutionListener [org.springframework.test.context.transaction.TransactionalTestExecutionListener] due to a missing dependency. Specify custom listener classes or make the default listener classes and their required dependencies available. Offending class: [org/springframework/transaction/interceptor/TransactionAttributeSource]
13:27:58.298 [Test worker] DEBUG org.springframework.boot.test.context.SpringBootTestContextBootstrapper - Skipping candidate TestExecutionListener [org.springframework.test.context.jdbc.SqlScriptsTestExecutionListener] due to a missing dependency. Specify custom listener classes or make the default listener classes and their required dependencies available. Offending class: [org/springframework/transaction/interceptor/TransactionAttribute]
13:27:58.299 [Test worker] INFO org.springframework.boot.test.context.SpringBootTestContextBootstrapper - Using TestExecutionListeners: [org.springframework.test.context.web.ServletTestExecutionListener@1643d68f, org.springframework.test.context.support.DirtiesContextBeforeModesTestExecutionListener@186978a6, org.springframework.test.context.event.ApplicationEventsTestExecutionListener@2e029d61, org.springframework.boot.test.mock.mockito.MockitoTestExecutionListener@482d776b, org.springframework.boot.test.autoconfigure.SpringBootDependencyInjectionTestExecutionListener@4052274f, org.springframework.test.context.support.DirtiesContextTestExecutionListener@132ddbab, org.springframework.test.context.event.EventPublishingTestExecutionListener@297ea53a, org.springframework.boot.test.autoconfigure.restdocs.RestDocsTestExecutionListener@acb0951, org.springframework.boot.test.autoconfigure.web.client.MockRestServiceServerResetTestExecutionListener@5bf22f18, org.springframework.boot.test.autoconfigure.web.servlet.MockMvcPrintOnlyOnFailureTestExecutionListener@267f474e, org.springframework.boot.test.autoconfigure.web.servlet.WebDriverTestExecutionListener@7a7471ce, org.springframework.boot.test.autoconfigure.webservices.client.MockWebServiceServerTestExecutionListener@28276e50, org.springframework.boot.test.mock.mockito.ResetMocksTestExecutionListener@62e70ea3]
13:27:58.304 [Test worker] DEBUG org.springframework.test.context.support.AbstractDirtiesContextTestExecutionListener - Before test class: context [DefaultTestContext@274872f8 testClass = SpringHelloWorldApplicationTests, testInstance = [null], testMethod = [null], testException = [null], mergedContextConfiguration = [WebMergedContextConfiguration@76ba13c testClass = SpringHelloWorldApplicationTests, locations = '{}', classes = '{class com.kodilla.spring.hello.world.SpringHelloWorldApplication}', contextInitializerClasses = '[]', activeProfiles = '{}', propertySourceLocations = '{}', propertySourceProperties = '{org.springframework.boot.test.context.SpringBootTestContextBootstrapper=true}', contextCustomizers = set[org.springframework.boot.test.autoconfigure.actuate.metrics.MetricsExportContextCustomizerFactory$DisableMetricExportContextCustomizer@3c9c0d96, org.springframework.boot.test.autoconfigure.properties.PropertyMappingContextCustomizer@0, org.springframework.boot.test.autoconfigure.web.servlet.WebDriverContextCustomizerFactory$Customizer@7dda48d9, org.springframework.boot.test.context.filter.ExcludeFilterContextCustomizer@5e4bd84a, org.springframework.boot.test.json.DuplicateJsonObjectContextCustomizerFactory$DuplicateJsonObjectContextCustomizer@53fd0d10, org.springframework.boot.test.mock.mockito.MockitoContextCustomizer@0, org.springframework.boot.test.web.client.TestRestTemplateContextCustomizer@16fdec90, org.springframework.boot.test.context.SpringBootTestArgs@1, org.springframework.boot.test.context.SpringBootTestWebEnvironment@932bc4a], resourceBasePath = 'src/main/webapp', contextLoader = 'org.springframework.boot.test.context.SpringBootContextLoader', parent = [null]], attributes = map['org.springframework.test.context.web.ServletTestExecutionListener.activateListener' -> true]], class annotated with @DirtiesContext [false] with mode [null].

  .   ____          _            __ _ _
 /\\ / ___'_ __ _ _(_)_ __  __ _ \ \ \ \
( ( )\___ | '_ | '_| | '_ \/ _` | \ \ \ \
 \\/  ___)| |_)| | | | | || (_| |  ) ) ) )
  '  |____| .__|_| |_|_| |_\__, | / / / /
 =========|_|==============|___/=/_/_/_/
 :: Spring Boot ::                (v2.7.1)

2024-07-16 13:27:58.853  INFO 10860 --- [    Test worker] k.s.h.w.SpringHelloWorldApplicationTests : Starting SpringHelloWorldApplicationTests using Java 17.0.9 on PK with PID 10860 (started by knute in C:\Users\knute\kodilla-docker-course\spring-hello-world)
2024-07-16 13:27:58.854  INFO 10860 --- [    Test worker] k.s.h.w.SpringHelloWorldApplicationTests : No active profile set, falling back to 1 default profile: "default"
2024-07-16 13:28:00.941  INFO 10860 --- [    Test worker] k.s.h.w.SpringHelloWorldApplicationTests : Started SpringHelloWorldApplicationTests in 2.569 seconds (JVM running for 4.306)
]]></system-out>
  <system-err><![CDATA[]]></system-err>
</testsuite>
